<?xml version="1.0" encoding="UTF-8"?>
<testng-results ignored="0" total="1" passed="1" failed="0" skipped="0">
  <reporter-output>
    <line>
      <![CDATA[hiitesting]]>
    </line>
  </reporter-output>
  <suite started-at="2023-08-20T13:49:03 IST" name="Default suite" finished-at="2023-08-20T13:49:03 IST" duration-ms="62">
    <groups>
    </groups>
    <test started-at="2023-08-20T13:49:03 IST" name="Default test" finished-at="2023-08-20T13:49:03 IST" duration-ms="62">
      <class name="Testng.testhi">
        <test-method signature="test()[pri:0, instance:Testng.testhi@3e11f9e9]" started-at="2023-08-20T13:49:03 IST" name="test" finished-at="2023-08-20T13:49:03 IST" duration-ms="12" status="PASS">
          <reporter-output>
            <line>
              <![CDATA[hiitesting]]>
            </line>
          </reporter-output>
        </test-method> <!-- test -->
      </class> <!-- Testng.testhi -->
    </test> <!-- Default test -->
  </suite> <!-- Default suite -->
</testng-results>
